0 info it worked if it ends with ok
1 verbose cli [ 'C:\\Program Files\\nodejs\\node.exe',
1 verbose cli   'C:\\Program Files\\nodejs\\node_modules\\npm\\bin\\npm-cli.js',
1 verbose cli   'start' ]
2 info using npm@3.10.10
3 info using node@v6.10.2
4 verbose run-script [ 'prestart', 'start', 'poststart' ]
5 info lifecycle todo-list@1.0.0~prestart: todo-list@1.0.0
6 silly lifecycle todo-list@1.0.0~prestart: no script for prestart, continuing
7 info lifecycle todo-list@1.0.0~start: todo-list@1.0.0
8 verbose lifecycle todo-list@1.0.0~start: unsafe-perm in lifecycle true
9 verbose lifecycle todo-list@1.0.0~start: PATH: C:\Program Files\nodejs\node_modules\npm\bin\node-gyp-bin;C:\Users\Sergio\skylab\express\todo-list-express\node_modules\.bin;C:\Users\Sergio\Programas\Cmder\bin;C:\Users\Sergio\Programas\Cmder\vendor\git-for-windows\cmd;C:\Users\Sergio\Programas\Cmder\vendor\conemu-maximus5\ConEmu\Scripts;C:\Users\Sergio\Programas\Cmder\vendor\conemu-maximus5;C:\Users\Sergio\Programas\Cmder\vendor\conemu-maximus5\ConEmu;C:\WINDOWS\system32;C:\WINDOWS;C:\WINDOWS\System32\Wbem;C:\WINDOWS\System32\WindowsPowerShell\v1.0\;C:\Program Files\nodejs\;C:\Users\Sergio\AppData\Local\Microsoft\WindowsApps;C:\Users\Sergio\AppData\Roaming\npm;C:\Users\Sergio\Programas\Cmder\vendor\git-for-windows\usr\bin;C:\Users\Sergio\Programas\Cmder\vendor\git-for-windows\usr\share\vim\vim74;C:\Users\Sergio\Programas\Cmder\
10 verbose lifecycle todo-list@1.0.0~start: CWD: C:\Users\Sergio\skylab\express\todo-list-express
11 silly lifecycle todo-list@1.0.0~start: Args: [ '/d /s /c', 'node server/app' ]
12 silly lifecycle todo-list@1.0.0~start: Returned: code: 1  signal: null
13 info lifecycle todo-list@1.0.0~start: Failed to exec start script
14 verbose stack Error: todo-list@1.0.0 start: `node server/app`
14 verbose stack Exit status 1
14 verbose stack     at EventEmitter.<anonymous> (C:\Program Files\nodejs\node_modules\npm\lib\utils\lifecycle.js:255:16)
14 verbose stack     at emitTwo (events.js:106:13)
14 verbose stack     at EventEmitter.emit (events.js:191:7)
14 verbose stack     at ChildProcess.<anonymous> (C:\Program Files\nodejs\node_modules\npm\lib\utils\spawn.js:40:14)
14 verbose stack     at emitTwo (events.js:106:13)
14 verbose stack     at ChildProcess.emit (events.js:191:7)
14 verbose stack     at maybeClose (internal/child_process.js:886:16)
14 verbose stack     at Process.ChildProcess._handle.onexit (internal/child_process.js:226:5)
15 verbose pkgid todo-list@1.0.0
16 verbose cwd C:\Users\Sergio\skylab\express\todo-list-express
17 error Windows_NT 10.0.14393
18 error argv "C:\\Program Files\\nodejs\\node.exe" "C:\\Program Files\\nodejs\\node_modules\\npm\\bin\\npm-cli.js" "start"
19 error node v6.10.2
20 error npm  v3.10.10
21 error code ELIFECYCLE
22 error todo-list@1.0.0 start: `node server/app`
22 error Exit status 1
23 error Failed at the todo-list@1.0.0 start script 'node server/app'.
23 error Make sure you have the latest version of node.js and npm installed.
23 error If you do, this is most likely a problem with the todo-list package,
23 error not with npm itself.
23 error Tell the author that this fails on your system:
23 error     node server/app
23 error You can get information on how to open an issue for this project with:
23 error     npm bugs todo-list
23 error Or if that isn't available, you can get their info via:
23 error     npm owner ls todo-list
23 error There is likely additional logging output above.
24 verbose exit [ 1, true ]
